# JRE version: OpenJDK Runtime Environment Temurin-11.0.18+10 (11.0.18+10) (build 11.0.18+10)
# Java VM: OpenJDK 64-Bit Server VM Temurin-11.0.18+10 (11.0.18+10, mixed mode, tiered, compressed oops, g1 gc, bsd-amd64)
Heap:
 garbage-first heap   total 227328K, used 118262K [0x0000000780000000, 0x0000000800000000)
  region size 1024K, 90 young (92160K), 5 survivors (5120K)
 Metaspace       used 72904K, capacity 75331K, committed 75732K, reserved 1114112K
  class space    used 9378K, capacity 10326K, committed 10444K, reserved 1048576K
GC Heap History (20 events):
Event: 3.120 GC heap before
{Heap before GC invocations=3 (full 0):
 garbage-first heap   total 131072K, used 32049K [0x0000000780000000, 0x0000000800000000)
  region size 1024K, 26 young (26624K), 3 survivors (3072K)
 Metaspace       used 20430K, capacity 21100K, committed 21296K, reserved 1069056K
  class space    used 2361K, capacity 2634K, committed 2688K, reserved 1048576K
}
Event: 3.132 GC heap after
{Heap after GC invocations=4 (full 0):
 garbage-first heap   total 131072K, used 10641K [0x0000000780000000, 0x0000000800000000)
  region size 1024K, 4 young (4096K), 4 survivors (4096K)
 Metaspace       used 20430K, capacity 21100K, committed 21296K, reserved 1069056K
  class space    used 2361K, capacity 2634K, committed 2688K, reserved 1048576K
}
Event: 4.380 GC heap before
{Heap before GC invocations=5 (full 0):
 garbage-first heap   total 131072K, used 83345K [0x0000000780000000, 0x0000000800000000)
  region size 1024K, 76 young (77824K), 4 survivors (4096K)
 Metaspace       used 27191K, capacity 28196K, committed 28464K, reserved 1075200K
  class space    used 3220K, capacity 3618K, committed 3712K, reserved 1048576K
}
Event: 4.395 GC heap after
{Heap after GC invocations=6 (full 0):
 garbage-first heap   total 157696K, used 13380K [0x0000000780000000, 0x0000000800000000)
  region size 1024K, 6 young (6144K), 6 survivors (6144K)
 Metaspace       used 27191K, capacity 28196K, committed 28464K, reserved 1075200K
  class space    used 3220K, capacity 3618K, committed 3712K, reserved 1048576K
}
Event: 5.924 GC heap before
{Heap before GC invocations=6 (full 0):
 garbage-first heap   total 157696K, used 101444K [0x0000000780000000, 0x0000000800000000)
  region size 1024K, 92 young (94208K), 6 survivors (6144K)
 Metaspace       used 34212K, capacity 35579K, committed 35920K, reserved 1081344K
  class space    used 4242K, capacity 4792K, committed 4864K, reserved 1048576K
}
Event: 5.940 GC heap after
{Heap after GC invocations=7 (full 0):
 garbage-first heap   total 157696K, used 17003K [0x0000000780000000, 0x0000000800000000)
  region size 1024K, 10 young (10240K), 10 survivors (10240K)
 Metaspace       used 34212K, capacity 35579K, committed 35920K, reserved 1081344K
  class space    used 4242K, capacity 4792K, committed 4864K, reserved 1048576K
}
Event: 5.961 GC heap before
{Heap before GC invocations=7 (full 0):
 garbage-first heap   total 157696K, used 17003K [0x0000000780000000, 0x0000000800000000)
  region size 1024K, 11 young (11264K), 10 survivors (10240K)
 Metaspace       used 34357K, capacity 35707K, committed 35920K, reserved 1081344K
  class space    used 4255K, capacity 4792K, committed 4864K, reserved 1048576K
}
Event: 5.983 GC heap after
{Heap after GC invocations=8 (full 0):
 garbage-first heap   total 157696K, used 17504K [0x0000000780000000, 0x0000000800000000)
  region size 1024K, 5 young (5120K), 5 survivors (5120K)
 Metaspace       used 34357K, capacity 35707K, committed 35920K, reserved 1081344K
  class space    used 4255K, capacity 4792K, committed 4864K, reserved 1048576K
}
Event: 8.054 GC heap before
{Heap before GC invocations=9 (full 0):
 garbage-first heap   total 157696K, used 106592K [0x0000000780000000, 0x0000000800000000)
  region size 1024K, 92 young (94208K), 5 survivors (5120K)
 Metaspace       used 46756K, capacity 48288K, committed 48592K, reserved 1091584K
  class space    used 5900K, capacity 6484K, committed 6528K, reserved 1048576K
}
Event: 8.067 GC heap after
{Heap after GC invocations=10 (full 0):
 garbage-first heap   total 157696K, used 21098K [0x0000000780000000, 0x0000000800000000)
  region size 1024K, 9 young (9216K), 9 survivors (9216K)
 Metaspace       used 46756K, capacity 48288K, committed 48592K, reserved 1091584K
  class space    used 5900K, capacity 6484K, committed 6528K, reserved 1048576K
}
Event: 10.127 GC heap before
{Heap before GC invocations=10 (full 0):
 garbage-first heap   total 157696K, used 106090K [0x0000000780000000, 0x0000000800000000)
  region size 1024K, 92 young (94208K), 9 survivors (9216K)
 Metaspace       used 57253K, capacity 59055K, committed 59216K, reserved 1099776K
  class space    used 7413K, capacity 8124K, committed 8192K, reserved 1048576K
}
Event: 10.146 GC heap after
{Heap after GC invocations=11 (full 0):
 garbage-first heap   total 189440K, used 25031K [0x0000000780000000, 0x0000000800000000)
  region size 1024K, 9 young (9216K), 9 survivors (9216K)
 Metaspace       used 57253K, capacity 59055K, committed 59216K, reserved 1099776K
  class space    used 7413K, capacity 8124K, committed 8192K, reserved 1048576K
}
Event: 10.443 GC heap before
{Heap before GC invocations=11 (full 0):
 garbage-first heap   total 189440K, used 38343K [0x0000000780000000, 0x0000000800000000)
  region size 1024K, 23 young (23552K), 9 survivors (9216K)
 Metaspace       used 58270K, capacity 60107K, committed 60296K, reserved 1101824K
  class space    used 7564K, capacity 8260K, committed 8320K, reserved 1048576K
}
Event: 10.460 GC heap after
{Heap after GC invocations=12 (full 0):
 garbage-first heap   total 189440K, used 25600K [0x0000000780000000, 0x0000000800000000)
  region size 1024K, 5 young (5120K), 5 survivors (5120K)
 Metaspace       used 58270K, capacity 60107K, committed 60296K, reserved 1101824K
  class space    used 7564K, capacity 8260K, committed 8320K, reserved 1048576K
}
Event: 11.297 GC heap before
{Heap before GC invocations=13 (full 0):
 garbage-first heap   total 189440K, used 136192K [0x0000000780000000, 0x0000000800000000)
  region size 1024K, 111 young (113664K), 5 survivors (5120K)
 Metaspace       used 60832K, capacity 62810K, committed 63060K, reserved 1103872K
  class space    used 7915K, capacity 8689K, committed 8780K, reserved 1048576K
}
Event: 11.321 GC heap after
{Heap after GC invocations=14 (full 0):
 garbage-first heap   total 189440K, used 35726K [0x0000000780000000, 0x0000000800000000)
  region size 1024K, 14 young (14336K), 14 survivors (14336K)
 Metaspace       used 60832K, capacity 62810K, committed 63060K, reserved 1103872K
  class space    used 7915K, capacity 8689K, committed 8780K, reserved 1048576K
}
Event: 11.781 GC heap before
{Heap before GC invocations=15 (full 0):
 garbage-first heap   total 189440K, used 136078K [0x0000000780000000, 0x0000000800000000)
  region size 1024K, 111 young (113664K), 14 survivors (14336K)
 Metaspace       used 61748K, capacity 63813K, committed 63956K, reserved 1103872K
  class space    used 8029K, capacity 8820K, committed 8908K, reserved 1048576K
}
Event: 11.795 GC heap after
{Heap after GC invocations=16 (full 0):
 garbage-first heap   total 189440K, used 29210K [0x0000000780000000, 0x0000000800000000)
  region size 1024K, 2 young (2048K), 2 survivors (2048K)
 Metaspace       used 61748K, capacity 63813K, committed 63956K, reserved 1103872K
  class space    used 8029K, capacity 8820K, committed 8908K, reserved 1048576K
}
Event: 708.417 GC heap before
{Heap before GC invocations=16 (full 0):
 garbage-first heap   total 189440K, used 135706K [0x0000000780000000, 0x0000000800000000)
  region size 1024K, 107 young (109568K), 2 survivors (2048K)
 Metaspace       used 72851K, capacity 75310K, committed 75732K, reserved 1114112K
  class space    used 9368K, capacity 10320K, committed 10444K, reserved 1048576K
}
Event: 708.495 GC heap after
{Heap after GC invocations=17 (full 0):
 garbage-first heap   total 227328K, used 32246K [0x0000000780000000, 0x0000000800000000)
  region size 1024K, 5 young (5120K), 5 survivors (5120K)
 Metaspace       used 72851K, capacity 75310K, committed 75732K, reserved 1114112K
  class space    used 9368K, capacity 10320K, committed 10444K, reserved 1048576K
}

